{"C:\\Users\\HP\\Documents\\Projects\\Personal\\employee-management\\src\\controllers\\Authentication\\helpers\\auth.ts": {"path":"C:\\Users\\HP\\Documents\\Projects\\Personal\\employee-management\\src\\controllers\\Authentication\\helpers\\auth.ts","statementMap":{"0":{"start":{"line":1,"column":0},"end":{"line":1,"column":28}},"1":{"start":{"line":2,"column":0},"end":{"line":2,"column":41}},"2":{"start":{"line":4,"column":28},"end":{"line":18,"column":1}},"3":{"start":{"line":5,"column":2},"end":{"line":17,"column":5}},"4":{"start":{"line":6,"column":4},"end":{"line":16,"column":7}},"5":{"start":{"line":7,"column":6},"end":{"line":9,"column":null}},"6":{"start":{"line":8,"column":8},"end":{"line":8,"column":20}},"7":{"start":{"line":10,"column":6},"end":{"line":15,"column":9}},"8":{"start":{"line":11,"column":8},"end":{"line":13,"column":null}},"9":{"start":{"line":12,"column":10},"end":{"line":12,"column":24}},"10":{"start":{"line":14,"column":8},"end":{"line":14,"column":24}},"11":{"start":{"line":4,"column":13},"end":{"line":4,"column":28}},"12":{"start":{"line":20,"column":31},"end":{"line":22,"column":1}},"13":{"start":{"line":21,"column":2},"end":{"line":21,"column":42}},"14":{"start":{"line":20,"column":13},"end":{"line":20,"column":31}},"15":{"start":{"line":24,"column":13},"end":{"line":27,"column":3}}},"fnMap":{"0":{"name":"(anonymous_1)","decl":{"start":{"line":4,"column":28},"end":{"line":4,"column":29}},"loc":{"start":{"line":4,"column":49},"end":{"line":18,"column":1}}},"1":{"name":"(anonymous_2)","decl":{"start":{"line":5,"column":21},"end":{"line":5,"column":22}},"loc":{"start":{"line":5,"column":41},"end":{"line":17,"column":3}}},"2":{"name":"(anonymous_3)","decl":{"start":{"line":6,"column":23},"end":{"line":6,"column":24}},"loc":{"start":{"line":6,"column":37},"end":{"line":16,"column":5}}},"3":{"name":"(anonymous_4)","decl":{"start":{"line":10,"column":34},"end":{"line":10,"column":35}},"loc":{"start":{"line":10,"column":52},"end":{"line":15,"column":7}}},"4":{"name":"(anonymous_5)","decl":{"start":{"line":20,"column":31},"end":{"line":20,"column":32}},"loc":{"start":{"line":20,"column":68},"end":{"line":22,"column":1}}}},"branchMap":{"0":{"loc":{"start":{"line":7,"column":6},"end":{"line":9,"column":null}},"type":"if","locations":[{"start":{"line":7,"column":6},"end":{"line":9,"column":null}}]},"1":{"loc":{"start":{"line":11,"column":8},"end":{"line":13,"column":null}},"type":"if","locations":[{"start":{"line":11,"column":8},"end":{"line":13,"column":null}}]}},"s":{"0":1,"1":1,"2":1,"3":1,"4":1,"5":1,"6":0,"7":1,"8":1,"9":0,"10":1,"11":1,"12":1,"13":0,"14":1,"15":1},"f":{"0":1,"1":1,"2":1,"3":1,"4":0},"b":{"0":[0],"1":[0]}}
,"C:\\Users\\HP\\Documents\\Projects\\Personal\\employee-management\\src\\controllers\\Employee\\Employee.unprotected.ts": {"path":"C:\\Users\\HP\\Documents\\Projects\\Personal\\employee-management\\src\\controllers\\Employee\\Employee.unprotected.ts","statementMap":{"0":{"start":{"line":1,"column":0},"end":{"line":1,"column":32}},"1":{"start":{"line":3,"column":0},"end":{"line":3,"column":45}},"2":{"start":{"line":4,"column":0},"end":{"line":4,"column":62}},"3":{"start":{"line":5,"column":0},"end":{"line":5,"column":53}},"4":{"start":{"line":8,"column":30},"end":{"line":78,"column":2}},"5":{"start":{"line":12,"column":4},"end":{"line":78,"column":2}},"6":{"start":{"line":24,"column":17},"end":{"line":24,"column":25}},"7":{"start":{"line":26,"column":17},"end":{"line":26,"column":38}},"8":{"start":{"line":27,"column":2},"end":{"line":29,"column":null}},"9":{"start":{"line":28,"column":4},"end":{"line":28,"column":60}},"10":{"start":{"line":31,"column":2},"end":{"line":31,"column":38}},"11":{"start":{"line":32,"column":2},"end":{"line":32,"column":36}},"12":{"start":{"line":33,"column":2},"end":{"line":33,"column":30}},"13":{"start":{"line":34,"column":2},"end":{"line":34,"column":36}},"14":{"start":{"line":35,"column":2},"end":{"line":35,"column":32}},"15":{"start":{"line":36,"column":2},"end":{"line":36,"column":28}},"16":{"start":{"line":37,"column":2},"end":{"line":37,"column":30}},"17":{"start":{"line":38,"column":2},"end":{"line":38,"column":34}},"18":{"start":{"line":39,"column":2},"end":{"line":39,"column":34}},"19":{"start":{"line":40,"column":2},"end":{"line":40,"column":30}},"20":{"start":{"line":43,"column":25},"end":{"line":43,"column":53}},"21":{"start":{"line":45,"column":19},"end":{"line":57,"column":4}},"22":{"start":{"line":59,"column":2},"end":{"line":77,"column":null}},"23":{"start":{"line":60,"column":24},"end":{"line":60,"column":57}},"24":{"start":{"line":61,"column":4},"end":{"line":67,"column":null}},"25":{"start":{"line":62,"column":6},"end":{"line":66,"column":21}},"26":{"start":{"line":69,"column":4},"end":{"line":69,"column":26}},"27":{"start":{"line":71,"column":4},"end":{"line":71,"column":78}},"28":{"start":{"line":73,"column":4},"end":{"line":75,"column":6}},"29":{"start":{"line":76,"column":4},"end":{"line":76,"column":68}},"30":{"start":{"line":8,"column":13},"end":{"line":8,"column":30}}},"fnMap":{"0":{"name":"(anonymous_8)","decl":{"start":{"line":8,"column":30},"end":{"line":8,"column":null}},"loc":{"start":{"line":12,"column":4},"end":{"line":78,"column":2}}},"1":{"name":"(anonymous_9)","decl":{"start":{"line":12,"column":4},"end":{"line":12,"column":null}},"loc":{"start":{"line":12,"column":4},"end":{"line":78,"column":1}}}},"branchMap":{"0":{"loc":{"start":{"line":14,"column":4},"end":{"line":14,"column":18}},"type":"default-arg","locations":[{"start":{"line":14,"column":16},"end":{"line":14,"column":18}}]},"1":{"loc":{"start":{"line":15,"column":4},"end":{"line":15,"column":17}},"type":"default-arg","locations":[{"start":{"line":15,"column":15},"end":{"line":15,"column":17}}]},"2":{"loc":{"start":{"line":16,"column":4},"end":{"line":16,"column":14}},"type":"default-arg","locations":[{"start":{"line":16,"column":12},"end":{"line":16,"column":14}}]},"3":{"loc":{"start":{"line":17,"column":4},"end":{"line":17,"column":17}},"type":"default-arg","locations":[{"start":{"line":17,"column":15},"end":{"line":17,"column":17}}]},"4":{"loc":{"start":{"line":18,"column":4},"end":{"line":18,"column":15}},"type":"default-arg","locations":[{"start":{"line":18,"column":13},"end":{"line":18,"column":15}}]},"5":{"loc":{"start":{"line":19,"column":4},"end":{"line":19,"column":13}},"type":"default-arg","locations":[{"start":{"line":19,"column":11},"end":{"line":19,"column":13}}]},"6":{"loc":{"start":{"line":20,"column":4},"end":{"line":20,"column":14}},"type":"default-arg","locations":[{"start":{"line":20,"column":12},"end":{"line":20,"column":14}}]},"7":{"loc":{"start":{"line":21,"column":4},"end":{"line":21,"column":16}},"type":"default-arg","locations":[{"start":{"line":21,"column":14},"end":{"line":21,"column":16}}]},"8":{"loc":{"start":{"line":22,"column":4},"end":{"line":22,"column":16}},"type":"default-arg","locations":[{"start":{"line":22,"column":14},"end":{"line":22,"column":16}}]},"9":{"loc":{"start":{"line":23,"column":4},"end":{"line":23,"column":14}},"type":"default-arg","locations":[{"start":{"line":23,"column":12},"end":{"line":23,"column":14}}]},"10":{"loc":{"start":{"line":27,"column":2},"end":{"line":29,"column":null}},"type":"if","locations":[{"start":{"line":27,"column":2},"end":{"line":29,"column":null}}]},"11":{"loc":{"start":{"line":61,"column":4},"end":{"line":67,"column":null}},"type":"if","locations":[{"start":{"line":61,"column":4},"end":{"line":67,"column":null}}]}},"s":{"0":1,"1":1,"2":1,"3":1,"4":1,"5":1,"6":1,"7":1,"8":1,"9":0,"10":1,"11":1,"12":1,"13":1,"14":1,"15":1,"16":1,"17":1,"18":1,"19":1,"20":1,"21":1,"22":1,"23":1,"24":1,"25":0,"26":1,"27":1,"28":0,"29":0,"30":1},"f":{"0":1,"1":1},"b":{"0":[1],"1":[1],"2":[0],"3":[1],"4":[1],"5":[1],"6":[1],"7":[1],"8":[1],"9":[1],"10":[0],"11":[0]}}
,"C:\\Users\\HP\\Documents\\Projects\\Personal\\employee-management\\src\\models\\Employee.ts": {"path":"C:\\Users\\HP\\Documents\\Projects\\Personal\\employee-management\\src\\models\\Employee.ts","statementMap":{"0":{"start":{"line":1,"column":0},"end":{"line":1,"column":51}},"1":{"start":{"line":2,"column":0},"end":{"line":2,"column":40}},"2":{"start":{"line":7,"column":23},"end":{"line":22,"column":null}},"3":{"start":{"line":25,"column":0},"end":{"line":25,"column":74}}},"fnMap":{},"branchMap":{},"s":{"0":1,"1":1,"2":1,"3":1},"f":{},"b":{}}
,"C:\\Users\\HP\\Documents\\Projects\\Personal\\employee-management\\src\\models\\enums\\Status.ts": {"path":"C:\\Users\\HP\\Documents\\Projects\\Personal\\employee-management\\src\\models\\enums\\Status.ts","statementMap":{"0":{"start":{"line":1,"column":0},"end":{"line":1,"column":null}},"1":{"start":{"line":2,"column":2},"end":{"line":2,"column":null}},"2":{"start":{"line":3,"column":2},"end":{"line":3,"column":null}},"3":{"start":{"line":4,"column":2},"end":{"line":4,"column":null}}},"fnMap":{"0":{"name":"(anonymous_0)","decl":{"start":{"line":1,"column":0},"end":{"line":1,"column":12}},"loc":{"start":{"line":1,"column":18},"end":{"line":5,"column":1}}}},"branchMap":{"0":{"loc":{"start":{"line":1,"column":12},"end":{"line":1,"column":null}},"type":"binary-expr","locations":[{"start":{"line":1,"column":12},"end":{"line":1,"column":18}},{"start":{"line":1,"column":12},"end":{"line":1,"column":null}}]}},"s":{"0":1,"1":1,"2":1,"3":1},"f":{"0":1},"b":{"0":[1,1]}}
}
