TN:
SF:src\controllers\Authentication\helpers\auth.ts
FN:4,(anonymous_1)
FN:5,(anonymous_2)
FN:6,(anonymous_3)
FN:10,(anonymous_4)
FN:20,(anonymous_5)
FNF:5
FNH:4
FNDA:1,(anonymous_1)
FNDA:1,(anonymous_2)
FNDA:1,(anonymous_3)
FNDA:1,(anonymous_4)
FNDA:0,(anonymous_5)
DA:1,1
DA:2,1
DA:4,1
DA:5,1
DA:6,1
DA:7,1
DA:8,0
DA:10,1
DA:11,1
DA:12,0
DA:14,1
DA:20,1
DA:21,0
DA:24,1
LF:14
LH:11
BRDA:7,0,0,0
BRDA:11,1,0,0
BRF:2
BRH:0
end_of_record
TN:
SF:src\controllers\Employee\Employee.unprotected.ts
FN:8,(anonymous_8)
FN:12,(anonymous_9)
FNF:2
FNH:2
FNDA:1,(anonymous_8)
FNDA:1,(anonymous_9)
DA:1,1
DA:3,1
DA:4,1
DA:5,1
DA:8,1
DA:12,1
DA:24,1
DA:26,1
DA:27,1
DA:28,0
DA:31,1
DA:32,1
DA:33,1
DA:34,1
DA:35,1
DA:36,1
DA:37,1
DA:38,1
DA:39,1
DA:40,1
DA:43,1
DA:45,1
DA:59,1
DA:60,1
DA:61,1
DA:62,0
DA:69,1
DA:71,1
DA:73,0
DA:76,0
LF:30
LH:26
BRDA:14,0,0,1
BRDA:15,1,0,1
BRDA:16,2,0,0
BRDA:17,3,0,1
BRDA:18,4,0,1
BRDA:19,5,0,1
BRDA:20,6,0,1
BRDA:21,7,0,1
BRDA:22,8,0,1
BRDA:23,9,0,1
BRDA:27,10,0,0
BRDA:61,11,0,0
BRF:12
BRH:9
end_of_record
TN:
SF:src\models\Employee.ts
FNF:0
FNH:0
DA:1,1
DA:2,1
DA:7,1
DA:25,1
LF:4
LH:4
BRF:0
BRH:0
end_of_record
TN:
SF:src\models\enums\Status.ts
FN:1,(anonymous_0)
FNF:1
FNH:1
FNDA:1,(anonymous_0)
DA:1,1
DA:2,1
DA:3,1
DA:4,1
LF:4
LH:4
BRDA:1,0,0,1
BRDA:1,0,1,1
BRF:2
BRH:2
end_of_record
