TN:
SF:src\controllers\Authentication\helpers\auth.ts
FN:4,(anonymous_1)
FN:5,(anonymous_2)
FN:6,(anonymous_3)
FN:10,(anonymous_4)
FN:20,(anonymous_5)
FNF:5
FNH:4
FNDA:5,(anonymous_1)
FNDA:5,(anonymous_2)
FNDA:5,(anonymous_3)
FNDA:5,(anonymous_4)
FNDA:0,(anonymous_5)
DA:1,1
DA:2,1
DA:4,1
DA:5,5
DA:6,5
DA:7,5
DA:8,0
DA:10,5
DA:11,5
DA:12,0
DA:14,5
DA:20,1
DA:21,0
DA:24,1
LF:14
LH:11
BRDA:7,0,0,0
BRDA:11,1,0,0
BRF:2
BRH:0
end_of_record
TN:
SF:src\controllers\Employee\Employee.protected.ts
FN:6,(anonymous_8)
FN:10,(anonymous_9)
FN:26,(anonymous_10)
FN:30,(anonymous_11)
FN:42,(anonymous_12)
FN:46,(anonymous_13)
FN:78,(anonymous_14)
FN:82,(anonymous_15)
FNF:8
FNH:2
FNDA:3,(anonymous_8)
FNDA:3,(anonymous_9)
FNDA:0,(anonymous_10)
FNDA:0,(anonymous_11)
FNDA:0,(anonymous_12)
FNDA:0,(anonymous_13)
FNDA:0,(anonymous_14)
FNDA:0,(anonymous_15)
DA:2,1
DA:3,1
DA:6,1
DA:10,3
DA:11,3
DA:13,3
DA:14,3
DA:15,3
DA:19,0
DA:22,0
DA:26,1
DA:30,0
DA:31,0
DA:32,0
DA:33,0
DA:35,0
DA:38,0
DA:42,1
DA:46,0
DA:47,0
DA:48,0
DA:49,0
DA:52,0
DA:54,0
DA:55,0
DA:62,0
DA:63,0
DA:64,0
DA:65,0
DA:66,0
DA:67,0
DA:69,0
DA:71,0
DA:74,0
DA:78,1
DA:82,0
DA:83,0
DA:84,0
DA:85,0
DA:88,0
DA:90,0
DA:91,0
DA:93,0
DA:94,0
DA:97,0
DA:99,0
DA:101,0
DA:104,0
LF:48
LH:11
BRDA:15,0,0,1
BRDA:15,0,1,2
BRDA:48,1,0,0
BRDA:54,2,0,0
BRDA:64,3,0,0
BRDA:84,4,0,0
BRDA:93,5,0,0
BRF:7
BRH:2
end_of_record
TN:
SF:src\controllers\Employee\Employee.unprotected.ts
FN:8,(anonymous_8)
FN:12,(anonymous_9)
FNF:2
FNH:2
FNDA:4,(anonymous_8)
FNDA:4,(anonymous_9)
DA:1,1
DA:3,1
DA:4,1
DA:5,1
DA:8,1
DA:12,4
DA:24,4
DA:26,4
DA:27,4
DA:28,0
DA:31,4
DA:32,4
DA:33,4
DA:34,4
DA:35,4
DA:36,4
DA:37,4
DA:38,4
DA:39,4
DA:40,4
DA:43,4
DA:45,4
DA:59,4
DA:60,4
DA:61,4
DA:62,1
DA:68,3
DA:70,3
DA:73,0
DA:76,0
LF:30
LH:27
BRDA:14,0,0,4
BRDA:15,1,0,4
BRDA:16,2,0,1
BRDA:17,3,0,3
BRDA:18,4,0,4
BRDA:19,5,0,4
BRDA:20,6,0,4
BRDA:21,7,0,4
BRDA:22,8,0,4
BRDA:23,9,0,4
BRDA:27,10,0,0
BRDA:61,11,0,1
BRDA:61,11,1,3
BRF:13
BRH:12
end_of_record
TN:
SF:src\models\Employee.ts
FNF:0
FNH:0
DA:1,1
DA:2,1
DA:7,1
DA:25,1
LF:4
LH:4
BRF:0
BRH:0
end_of_record
TN:
SF:src\models\enums\Status.ts
FN:1,(anonymous_0)
FNF:1
FNH:1
FNDA:1,(anonymous_0)
DA:1,1
DA:2,1
DA:3,1
DA:4,1
LF:4
LH:4
BRDA:1,0,0,1
BRDA:1,0,1,1
BRF:2
BRH:2
end_of_record
